ReferenceError: jwt is not defined
    at /home/zodiac0606/Projects/colors-full-stack/server/index.js:19:5
    at Layer.handle [as handle_request] (/home/zodiac0606/Projects/colors-full-stack/server/node_modules/express/lib/router/layer.js:95:5)
    at trim_prefix (/home/zodiac0606/Projects/colors-full-stack/server/node_modules/express/lib/router/index.js:317:13)
    at /home/zodiac0606/Projects/colors-full-stack/server/node_modules/express/lib/router/index.js:284:7
    at Function.process_params (/home/zodiac0606/Projects/colors-full-stack/server/node_modules/express/lib/router/index.js:335:12)
    at next (/home/zodiac0606/Projects/colors-full-stack/server/node_modules/express/lib/router/index.js:275:10)
    at jsonParser (/home/zodiac0606/Projects/colors-full-stack/server/node_modules/body-parser/lib/types/json.js:110:7)
    at Layer.handle [as handle_request] (/home/zodiac0606/Projects/colors-full-stack/server/node_modules/express/lib/router/layer.js:95:5)
    at trim_prefix (/home/zodiac0606/Projects/colors-full-stack/server/node_modules/express/lib/router/index.js:317:13)
    at /home/zodiac0606/Projects/colors-full-stack/server/node_modules/express/lib/router/index.js:284:7
ReferenceError: jwt is not defined
    at /home/zodiac0606/Projects/colors-full-stack/server/index.js:19:5
    at Layer.handle [as handle_request] (/home/zodiac0606/Projects/colors-full-stack/server/node_modules/express/lib/router/layer.js:95:5)
    at trim_prefix (/home/zodiac0606/Projects/colors-full-stack/server/node_modules/express/lib/router/index.js:317:13)
    at /home/zodiac0606/Projects/colors-full-stack/server/node_modules/express/lib/router/index.js:284:7
    at Function.process_params (/home/zodiac0606/Projects/colors-full-stack/server/node_modules/express/lib/router/index.js:335:12)
    at next (/home/zodiac0606/Projects/colors-full-stack/server/node_modules/express/lib/router/index.js:275:10)
    at jsonParser (/home/zodiac0606/Projects/colors-full-stack/server/node_modules/body-parser/lib/types/json.js:110:7)
    at Layer.handle [as handle_request] (/home/zodiac0606/Projects/colors-full-stack/server/node_modules/express/lib/router/layer.js:95:5)
    at trim_prefix (/home/zodiac0606/Projects/colors-full-stack/server/node_modules/express/lib/router/index.js:317:13)
    at /home/zodiac0606/Projects/colors-full-stack/server/node_modules/express/lib/router/index.js:284:7
ReferenceError: jwt is not defined
    at /home/zodiac0606/Projects/colors-full-stack/server/index.js:19:5
    at Layer.handle [as handle_request] (/home/zodiac0606/Projects/colors-full-stack/server/node_modules/express/lib/router/layer.js:95:5)
    at trim_prefix (/home/zodiac0606/Projects/colors-full-stack/server/node_modules/express/lib/router/index.js:317:13)
    at /home/zodiac0606/Projects/colors-full-stack/server/node_modules/express/lib/router/index.js:284:7
    at Function.process_params (/home/zodiac0606/Projects/colors-full-stack/server/node_modules/express/lib/router/index.js:335:12)
    at next (/home/zodiac0606/Projects/colors-full-stack/server/node_modules/express/lib/router/index.js:275:10)
    at jsonParser (/home/zodiac0606/Projects/colors-full-stack/server/node_modules/body-parser/lib/types/json.js:110:7)
    at Layer.handle [as handle_request] (/home/zodiac0606/Projects/colors-full-stack/server/node_modules/express/lib/router/layer.js:95:5)
    at trim_prefix (/home/zodiac0606/Projects/colors-full-stack/server/node_modules/express/lib/router/index.js:317:13)
    at /home/zodiac0606/Projects/colors-full-stack/server/node_modules/express/lib/router/index.js:284:7
ReferenceError: jwt is not defined
    at /home/zodiac0606/Projects/colors-full-stack/server/index.js:19:5
    at Layer.handle [as handle_request] (/home/zodiac0606/Projects/colors-full-stack/server/node_modules/express/lib/router/layer.js:95:5)
    at trim_prefix (/home/zodiac0606/Projects/colors-full-stack/server/node_modules/express/lib/router/index.js:317:13)
    at /home/zodiac0606/Projects/colors-full-stack/server/node_modules/express/lib/router/index.js:284:7
    at Function.process_params (/home/zodiac0606/Projects/colors-full-stack/server/node_modules/express/lib/router/index.js:335:12)
    at next (/home/zodiac0606/Projects/colors-full-stack/server/node_modules/express/lib/router/index.js:275:10)
    at jsonParser (/home/zodiac0606/Projects/colors-full-stack/server/node_modules/body-parser/lib/types/json.js:110:7)
    at Layer.handle [as handle_request] (/home/zodiac0606/Projects/colors-full-stack/server/node_modules/express/lib/router/layer.js:95:5)
    at trim_prefix (/home/zodiac0606/Projects/colors-full-stack/server/node_modules/express/lib/router/index.js:317:13)
    at /home/zodiac0606/Projects/colors-full-stack/server/node_modules/express/lib/router/index.js:284:7
ReferenceError: jwt is not defined
    at /home/zodiac0606/Projects/colors-full-stack/server/index.js:19:5
    at Layer.handle [as handle_request] (/home/zodiac0606/Projects/colors-full-stack/server/node_modules/express/lib/router/layer.js:95:5)
    at trim_prefix (/home/zodiac0606/Projects/colors-full-stack/server/node_modules/express/lib/router/index.js:317:13)
    at /home/zodiac0606/Projects/colors-full-stack/server/node_modules/express/lib/router/index.js:284:7
    at Function.process_params (/home/zodiac0606/Projects/colors-full-stack/server/node_modules/express/lib/router/index.js:335:12)
    at next (/home/zodiac0606/Projects/colors-full-stack/server/node_modules/express/lib/router/index.js:275:10)
    at jsonParser (/home/zodiac0606/Projects/colors-full-stack/server/node_modules/body-parser/lib/types/json.js:110:7)
    at Layer.handle [as handle_request] (/home/zodiac0606/Projects/colors-full-stack/server/node_modules/express/lib/router/layer.js:95:5)
    at trim_prefix (/home/zodiac0606/Projects/colors-full-stack/server/node_modules/express/lib/router/index.js:317:13)
    at /home/zodiac0606/Projects/colors-full-stack/server/node_modules/express/lib/router/index.js:284:7
events.js:292
      throw er; // Unhandled 'error' event
      ^

Error: listen EADDRINUSE: address already in use :::6543
    at Server.setupListenHandle [as _listen2] (net.js:1314:16)
    at listenInCluster (net.js:1362:12)
    at Server.listen (net.js:1448:7)
    at Function.listen (/home/zodiac0606/Projects/colors-full-stack/server/node_modules/express/lib/application.js:618:24)
    at Object.<anonymous> (/home/zodiac0606/Projects/colors-full-stack/server/index.js:27:5)
    at Module._compile (internal/modules/cjs/loader.js:1176:30)
    at Object.Module._extensions..js (internal/modules/cjs/loader.js:1196:10)
    at Module.load (internal/modules/cjs/loader.js:1040:32)
    at Function.Module._load (internal/modules/cjs/loader.js:929:14)
    at Function.executeUserEntryPoint [as runMain] (internal/modules/run_main.js:71:12)
Emitted 'error' event on Server instance at:
    at emitErrorNT (net.js:1341:8)
    at processTicksAndRejections (internal/process/task_queues.js:84:21) {
  code: 'EADDRINUSE',
  errno: -98,
  syscall: 'listen',
  address: '::',
  port: 6543
}
events.js:292
      throw er; // Unhandled 'error' event
      ^

Error: listen EADDRINUSE: address already in use :::6543
    at Server.setupListenHandle [as _listen2] (net.js:1314:16)
    at listenInCluster (net.js:1362:12)
    at Server.listen (net.js:1448:7)
    at Function.listen (/home/zodiac0606/Projects/colors-full-stack/server/node_modules/express/lib/application.js:618:24)
    at Object.<anonymous> (/home/zodiac0606/Projects/colors-full-stack/server/index.js:48:5)
    at Module._compile (internal/modules/cjs/loader.js:1176:30)
    at Object.Module._extensions..js (internal/modules/cjs/loader.js:1196:10)
    at Module.load (internal/modules/cjs/loader.js:1040:32)
    at Function.Module._load (internal/modules/cjs/loader.js:929:14)
    at Function.executeUserEntryPoint [as runMain] (internal/modules/run_main.js:71:12)
Emitted 'error' event on Server instance at:
    at emitErrorNT (net.js:1341:8)
    at processTicksAndRejections (internal/process/task_queues.js:84:21) {
  code: 'EADDRINUSE',
  errno: -98,
  syscall: 'listen',
  address: '::',
  port: 6543
}
ReferenceError: jwt is not defined
    at /home/zodiac0606/Projects/colors-full-stack/server/index.js:19:5
    at Layer.handle [as handle_request] (/home/zodiac0606/Projects/colors-full-stack/server/node_modules/express/lib/router/layer.js:95:5)
    at trim_prefix (/home/zodiac0606/Projects/colors-full-stack/server/node_modules/express/lib/router/index.js:317:13)
    at /home/zodiac0606/Projects/colors-full-stack/server/node_modules/express/lib/router/index.js:284:7
    at Function.process_params (/home/zodiac0606/Projects/colors-full-stack/server/node_modules/express/lib/router/index.js:335:12)
    at next (/home/zodiac0606/Projects/colors-full-stack/server/node_modules/express/lib/router/index.js:275:10)
    at jsonParser (/home/zodiac0606/Projects/colors-full-stack/server/node_modules/body-parser/lib/types/json.js:110:7)
    at Layer.handle [as handle_request] (/home/zodiac0606/Projects/colors-full-stack/server/node_modules/express/lib/router/layer.js:95:5)
    at trim_prefix (/home/zodiac0606/Projects/colors-full-stack/server/node_modules/express/lib/router/index.js:317:13)
    at /home/zodiac0606/Projects/colors-full-stack/server/node_modules/express/lib/router/index.js:284:7
ReferenceError: jwt is not defined
    at /home/zodiac0606/Projects/colors-full-stack/server/index.js:19:5
    at Layer.handle [as handle_request] (/home/zodiac0606/Projects/colors-full-stack/server/node_modules/express/lib/router/layer.js:95:5)
    at trim_prefix (/home/zodiac0606/Projects/colors-full-stack/server/node_modules/express/lib/router/index.js:317:13)
    at /home/zodiac0606/Projects/colors-full-stack/server/node_modules/express/lib/router/index.js:284:7
    at Function.process_params (/home/zodiac0606/Projects/colors-full-stack/server/node_modules/express/lib/router/index.js:335:12)
    at next (/home/zodiac0606/Projects/colors-full-stack/server/node_modules/express/lib/router/index.js:275:10)
    at jsonParser (/home/zodiac0606/Projects/colors-full-stack/server/node_modules/body-parser/lib/types/json.js:110:7)
    at Layer.handle [as handle_request] (/home/zodiac0606/Projects/colors-full-stack/server/node_modules/express/lib/router/layer.js:95:5)
    at trim_prefix (/home/zodiac0606/Projects/colors-full-stack/server/node_modules/express/lib/router/index.js:317:13)
    at /home/zodiac0606/Projects/colors-full-stack/server/node_modules/express/lib/router/index.js:284:7
ReferenceError: jwt is not defined
    at /home/zodiac0606/Projects/colors-full-stack/server/index.js:19:5
    at Layer.handle [as handle_request] (/home/zodiac0606/Projects/colors-full-stack/server/node_modules/express/lib/router/layer.js:95:5)
    at trim_prefix (/home/zodiac0606/Projects/colors-full-stack/server/node_modules/express/lib/router/index.js:317:13)
    at /home/zodiac0606/Projects/colors-full-stack/server/node_modules/express/lib/router/index.js:284:7
    at Function.process_params (/home/zodiac0606/Projects/colors-full-stack/server/node_modules/express/lib/router/index.js:335:12)
    at next (/home/zodiac0606/Projects/colors-full-stack/server/node_modules/express/lib/router/index.js:275:10)
    at jsonParser (/home/zodiac0606/Projects/colors-full-stack/server/node_modules/body-parser/lib/types/json.js:110:7)
    at Layer.handle [as handle_request] (/home/zodiac0606/Projects/colors-full-stack/server/node_modules/express/lib/router/layer.js:95:5)
    at trim_prefix (/home/zodiac0606/Projects/colors-full-stack/server/node_modules/express/lib/router/index.js:317:13)
    at /home/zodiac0606/Projects/colors-full-stack/server/node_modules/express/lib/router/index.js:284:7
events.js:292
      throw er; // Unhandled 'error' event
      ^

Error: listen EADDRINUSE: address already in use :::6543
    at Server.setupListenHandle [as _listen2] (net.js:1314:16)
    at listenInCluster (net.js:1362:12)
    at Server.listen (net.js:1448:7)
    at Function.listen (/home/zodiac0606/Projects/colors-full-stack/server/node_modules/express/lib/application.js:618:24)
    at Object.<anonymous> (/home/zodiac0606/Projects/colors-full-stack/server/index.js:49:5)
    at Module._compile (internal/modules/cjs/loader.js:1176:30)
    at Object.Module._extensions..js (internal/modules/cjs/loader.js:1196:10)
    at Module.load (internal/modules/cjs/loader.js:1040:32)
    at Function.Module._load (internal/modules/cjs/loader.js:929:14)
    at Function.executeUserEntryPoint [as runMain] (internal/modules/run_main.js:71:12)
Emitted 'error' event on Server instance at:
    at emitErrorNT (net.js:1341:8)
    at processTicksAndRejections (internal/process/task_queues.js:84:21) {
  code: 'EADDRINUSE',
  errno: -98,
  syscall: 'listen',
  address: '::',
  port: 6543
}
